c:\users\ody\desktop\github\gameenginev2\gameengine_version2\gameengine_version2\debug\vc120.pdb
c:\users\ody\desktop\github\gameenginev2\gameengine_version2\gameengine_version2\debug\vc120.idb
c:\users\ody\desktop\github\gameenginev2\gameengine_version2\gameengine_version2\debug\main.obj
c:\users\ody\desktop\github\gameenginev2\gameengine_version2\gameengine_version2\debug\window.obj
c:\users\ody\desktop\github\gameenginev2\gameengine_version2\gameengine_version2\debug\utl.obj
c:\users\ody\desktop\github\gameenginev2\gameengine_version2\gameengine_version2\debug\core.obj
c:\users\ody\documents\github\gameengine_v2\gameengine_version2\gameengine_version2\debug\vc120.pdb
c:\users\ody\documents\github\gameengine_v2\gameengine_version2\gameengine_version2\debug\vc120.idb
c:\users\ody\documents\github\gameengine_v2\gameengine_version2\gameengine_version2\debug\core.obj
c:\users\ody\documents\github\gameengine_v2\gameengine_version2\gameengine_version2\debug\main.obj
c:\users\ody\documents\github\gameengine_v2\gameengine_version2\gameengine_version2\debug\window.obj
c:\users\ody\documents\github\gameengine_v2\gameengine_version2\gameengine_version2\debug\utl.obj
c:\users\ody\desktop\github\gameenginev2\gameengine_version2\debug\gameengine_version2.ilk
c:\users\ody\desktop\github\gameenginev2\gameengine_version2\debug\gameengine_version2.exe
c:\users\ody\desktop\github\gameenginev2\gameengine_version2\debug\gameengine_version2.pdb
c:\users\ody\documents\github\gameengine_v2\gameengine_version2\debug\gameengine_version2.ilk
c:\users\ody\documents\github\gameengine_v2\gameengine_version2\debug\gameengine_version2.exe
c:\users\ody\documents\github\gameengine_v2\gameengine_version2\debug\gameengine_version2.pdb
c:\users\ody\documents\github\gameengine_v2\gameengine_version2\gameengine_version2\debug\gameengi.9f4b4b75.tlog\cl.command.1.tlog
c:\users\ody\documents\github\gameengine_v2\gameengine_version2\gameengine_version2\debug\gameengi.9f4b4b75.tlog\cl.read.1.tlog
c:\users\ody\documents\github\gameengine_v2\gameengine_version2\gameengine_version2\debug\gameengi.9f4b4b75.tlog\cl.write.1.tlog
c:\users\ody\documents\github\gameengine_v2\gameengine_version2\gameengine_version2\debug\gameengi.9f4b4b75.tlog\link.command.1.tlog
c:\users\ody\documents\github\gameengine_v2\gameengine_version2\gameengine_version2\debug\gameengi.9f4b4b75.tlog\link.read.1.tlog
c:\users\ody\documents\github\gameengine_v2\gameengine_version2\gameengine_version2\debug\gameengi.9f4b4b75.tlog\link.write.1.tlog
