Build started 12/6/2014 12:21:23 AM.
     1>Project "C:\Users\Ody\Documents\GitHub\GameEngine_v2\GameEngine_Version2\GameEngine_Version2\GameEngine_Version2.vcxproj" on node 2 (Build target(s)).
     1>ClCompile:
         C:\Program Files (x86)\Microsoft Visual Studio 12.0\VC\bin\CL.exe /c /IC:\Users\Ody\Documents\GitHub\GameEngine_v2\GameEngine_Version2\GameEngine_Version2\\include /I"C:\Users\Ody\Desktop\Visual Leak Detector\include" /ZI /nologo /W4 /WX- /sdl /Od /Oy- /D _MBCS /Gm /EHsc /RTC1 /MDd /GS /fp:precise /Zc:wchar_t /Zc:forScope /Fo"Debug\\" /Fd"Debug\vc120.pdb" /Gd /TP /analyze- /errorReport:prompt src\core\Core.cpp src\main.cpp src\core\Window.cpp src\core\Utl.cpp
         Utl.cpp
         Window.cpp
     1>c:\users\ody\documents\github\gameengine_v2\gameengine_version2\gameengine_version2\src\core\window.cpp(31): warning C4127: conditional expression is constant
     1>c:\users\ody\documents\github\gameengine_v2\gameengine_version2\gameengine_version2\src\core\window.cpp(80): warning C4100: 'error' : unreferenced formal parameter
     1>c:\users\ody\documents\github\gameengine_v2\gameengine_version2\gameengine_version2\src\core\window.cpp(86): warning C4100: 'mods' : unreferenced formal parameter
     1>c:\users\ody\documents\github\gameengine_v2\gameengine_version2\gameengine_version2\src\core\window.cpp(85): warning C4100: 'scancode' : unreferenced formal parameter
         main.cpp
         Core.cpp
         Generating Code...
       Link:
         C:\Program Files (x86)\Microsoft Visual Studio 12.0\VC\bin\link.exe /ERRORREPORT:PROMPT /OUT:"C:\Users\Ody\Documents\GitHub\GameEngine_v2\GameEngine_Version2\Debug\GameEngine_Version2.exe" /INCREMENTAL /NOLOGO /LIBPATH:C:\Users\Ody\Documents\GitHub\GameEngine_v2\GameEngine_Version2\GameEngine_Version2\\lib /LIBPATH:"C:\Users\Ody\Desktop\Visual Leak Detector\lib\Win32" opengl32.lib glu32.lib glew32.lib glfw3dll.lib kernel32.lib user32.lib gdi32.lib winspool.lib comdlg32.lib advapi32.lib shell32.lib ole32.lib oleaut32.lib uuid.lib odbc32.lib odbccp32.lib /MANIFEST /MANIFESTUAC:"level='asInvoker' uiAccess='false'" /manifest:embed /DEBUG /PDB:"C:\Users\Ody\Documents\GitHub\GameEngine_v2\GameEngine_Version2\Debug\GameEngine_Version2.pdb" /TLBID:1 /DYNAMICBASE /NXCOMPAT /IMPLIB:"C:\Users\Ody\Documents\GitHub\GameEngine_v2\GameEngine_Version2\Debug\GameEngine_Version2.lib" /MACHINE:X86 Debug\Core.obj
         Debug\main.obj
         Debug\Window.obj
         Debug\Utl.obj
         lib\glew32.lib
         lib\glfw3dll.lib
         GameEngine_Version2.vcxproj -> C:\Users\Ody\Documents\GitHub\GameEngine_v2\GameEngine_Version2\Debug\GameEngine_Version2.exe
     1>Done Building Project "C:\Users\Ody\Documents\GitHub\GameEngine_v2\GameEngine_Version2\GameEngine_Version2\GameEngine_Version2.vcxproj" (Build target(s)).

Build succeeded.

Time Elapsed 00:00:05.38
